0 info it worked if it ends with ok
1 verbose cli [ '/usr/bin/node', '/usr/bin/npm', 'publish' ]
2 info using npm@1.2.23
3 info using node@v0.10.8
4 verbose node symlink /usr/bin/node
5 verbose publish [ '.' ]
6 verbose read json /home/saasbook/repo/algo-wiki/package.json
7 verbose cache add [ '.', null ]
8 verbose cache add name=undefined spec="." args=[".",null]
9 verbose parsed url { protocol: null,
9 verbose parsed url   slashes: null,
9 verbose parsed url   auth: null,
9 verbose parsed url   host: null,
9 verbose parsed url   port: null,
9 verbose parsed url   hostname: null,
9 verbose parsed url   hash: null,
9 verbose parsed url   search: null,
9 verbose parsed url   query: null,
9 verbose parsed url   pathname: '.',
9 verbose parsed url   path: '.',
9 verbose parsed url   href: '.' }
10 silly lockFile 3a52ce78- .
11 verbose lock . /home/saasbook/.npm/3a52ce78-.lock
12 silly lockFile 3a52ce78- .
13 error addLocal Could not install .
14 error Error: EACCES, open '/home/saasbook/.npm/3a52ce78-.lock'
14 error  { [Error: EACCES, open '/home/saasbook/.npm/3a52ce78-.lock']
14 error   errno: 3,
14 error   code: 'EACCES',
14 error   path: '/home/saasbook/.npm/3a52ce78-.lock' }
15 error Please try running this command again as root/Administrator.
16 error System Linux 3.0.0-32-generic
17 error command "/usr/bin/node" "/usr/bin/npm" "publish"
18 error cwd /home/saasbook/repo/algo-wiki
19 error node -v v0.10.8
20 error npm -v 1.2.23
21 error path /home/saasbook/.npm/3a52ce78-.lock
22 error code EACCES
23 error errno 3
24 error stack Error: EACCES, open '/home/saasbook/.npm/3a52ce78-.lock'
25 verbose exit [ 3, true ]
